<?xml version="1.0" encoding="UTF-8"?>
<!-- Generated by org.testng.reporters.JUnitReportReporter -->
<testsuite hostname="Arasu" failures="0" tests="1" name="trueDevStaging.LoginPageTest" time="44.925" errors="0" timestamp="19 Apr 2019 06:07:10 GMT" skipped="0">
  <testcase classname="trueDevStaging.LoginPageTest" name="LoginTest" time="44.925"/>
</testsuite> <!-- trueDevStaging.LoginPageTest -->
